  error: subprocess-exited-with-error
  
  × python setup.py bdist_wheel did not run successfully.
  │ exit code: 1
  ╰─> [46 lines of output]
      running bdist_wheel
      running build
      running build_py
      creating build
      creating build/lib.linux-x86_64-cpython-311
      creating build/lib.linux-x86_64-cpython-311/torch_scatter
      copying torch_scatter/__init__.py -> build/lib.linux-x86_64-cpython-311/torch_scatter
      copying torch_scatter/placeholder.py -> build/lib.linux-x86_64-cpython-311/torch_scatter
      copying torch_scatter/scatter.py -> build/lib.linux-x86_64-cpython-311/torch_scatter
      copying torch_scatter/segment_coo.py -> build/lib.linux-x86_64-cpython-311/torch_scatter
      copying torch_scatter/segment_csr.py -> build/lib.linux-x86_64-cpython-311/torch_scatter
      copying torch_scatter/testing.py -> build/lib.linux-x86_64-cpython-311/torch_scatter
      copying torch_scatter/utils.py -> build/lib.linux-x86_64-cpython-311/torch_scatter
      creating build/lib.linux-x86_64-cpython-311/torch_scatter/composite
      copying torch_scatter/composite/__init__.py -> build/lib.linux-x86_64-cpython-311/torch_scatter/composite
      copying torch_scatter/composite/logsumexp.py -> build/lib.linux-x86_64-cpython-311/torch_scatter/composite
      copying torch_scatter/composite/softmax.py -> build/lib.linux-x86_64-cpython-311/torch_scatter/composite
      copying torch_scatter/composite/std.py -> build/lib.linux-x86_64-cpython-311/torch_scatter/composite
      running egg_info
      writing torch_scatter.egg-info/PKG-INFO
      writing dependency_links to torch_scatter.egg-info/dependency_links.txt
      writing requirements to torch_scatter.egg-info/requires.txt
      writing top-level names to torch_scatter.egg-info/top_level.txt
      reading manifest file 'torch_scatter.egg-info/SOURCES.txt'
      reading manifest template 'MANIFEST.in'
      warning: no previously-included files matching '*' found under directory 'test'
      adding license file 'LICENSE'
      writing manifest file 'torch_scatter.egg-info/SOURCES.txt'
      running build_ext
      building 'torch_scatter._scatter_cpu' extension
      creating build/temp.linux-x86_64-cpython-311
      creating build/temp.linux-x86_64-cpython-311/csrc
      creating build/temp.linux-x86_64-cpython-311/csrc/cpu
      /nas/longleaf/rhel8/apps/anaconda/2023.03.ood/bin/x86_64-conda-linux-gnu-cc -Wsign-compare -DDYNAMIC_ANNOTATIONS_ENABLED=1 -DNDEBUG -O2 -g -pipe -Wall -Werror=format-security -Wp,-D_FORTIFY_SOURCE=2 -Wp,-D_GLIBCXX_ASSERTIONS -fexceptions -fstack-protector-strong -grecord-gcc-switches -m64 -mtune=generic -fasynchronous-unwind-tables -fstack-clash-protection -fcf-protection -D_GNU_SOURCE -fPIC -fwrapv -O2 -g -pipe -Wall -Werror=format-security -Wp,-D_FORTIFY_SOURCE=2 -Wp,-D_GLIBCXX_ASSERTIONS -fexceptions -fstack-protector-strong -grecord-gcc-switches -m64 -mtune=generic -fasynchronous-unwind-tables -fstack-clash-protection -fcf-protection -D_GNU_SOURCE -fPIC -fwrapv -O2 -g -pipe -Wall -Werror=format-security -Wp,-D_FORTIFY_SOURCE=2 -Wp,-D_GLIBCXX_ASSERTIONS -fexceptions -fstack-protector-strong -grecord-gcc-switches -m64 -mtune=generic -fasynchronous-unwind-tables -fstack-clash-protection -fcf-protection -D_GNU_SOURCE -fPIC -fwrapv -march=nocona -mtune=haswell -ftree-vectorize -fPIC -fstack-protector-strong -fno-plt -O2 -ffunction-sections -pipe -isystem /nas/longleaf/rhel8/apps/anaconda/2023.03.ood/include -DNDEBUG -D_FORTIFY_SOURCE=2 -O2 -isystem /nas/longleaf/rhel8/apps/anaconda/2023.03.ood/include -fPIC -DWITH_PYTHON -Icsrc -I/nas/longleaf/home/cyixiao/test_env/lib64/python3.11/site-packages/torch/include -I/nas/longleaf/home/cyixiao/test_env/lib64/python3.11/site-packages/torch/include/torch/csrc/api/include -I/nas/longleaf/home/cyixiao/test_env/lib64/python3.11/site-packages/torch/include/TH -I/nas/longleaf/home/cyixiao/test_env/lib64/python3.11/site-packages/torch/include/THC -I/nas/longleaf/home/cyixiao/test_env/include -I/usr/include/python3.11 -c csrc/cpu/scatter_cpu.cpp -o build/temp.linux-x86_64-cpython-311/csrc/cpu/scatter_cpu.o -O3 -Wno-sign-compare -DAT_PARALLEL_OPENMP -fopenmp -DTORCH_API_INCLUDE_EXTENSION_H -DPYBIND11_COMPILER_TYPE=\"_gcc\" -DPYBIND11_STDLIB=\"_libstdcpp\" -DPYBIND11_BUILD_ABI=\"_cxxabi1011\" -DTORCH_EXTENSION_NAME=_scatter_cpu -D_GLIBCXX_USE_CXX11_ABI=0 -std=c++17
      In file included from /nas/longleaf/home/cyixiao/test_env/lib64/python3.11/site-packages/torch/include/torch/csrc/Device.h:4,
                       from /nas/longleaf/home/cyixiao/test_env/lib64/python3.11/site-packages/torch/include/torch/csrc/api/include/torch/python.h:8,
                       from /nas/longleaf/home/cyixiao/test_env/lib64/python3.11/site-packages/torch/include/torch/extension.h:9,
                       from /nas/longleaf/home/cyixiao/test_env/lib64/python3.11/site-packages/torch/include/torch/csrc/api/include/torch/torch.h:6,
                       from csrc/cpu/../extensions.h:2,
                       from csrc/cpu/scatter_cpu.h:3,
                       from csrc/cpu/scatter_cpu.cpp:1:
      /nas/longleaf/home/cyixiao/test_env/lib64/python3.11/site-packages/torch/include/torch/csrc/python_headers.h:12:10: fatal error: Python.h: No such file or directory
         12 | #include <Python.h>
            |          ^~~~~~~~~~
      compilation terminated.
      error: command '/nas/longleaf/rhel8/apps/anaconda/2023.03.ood/bin/x86_64-conda-linux-gnu-cc' failed with exit code 1
      [end of output]
  
  note: This error originates from a subprocess, and is likely not a problem with pip.
  ERROR: Failed building wheel for torch-scatter
ERROR: ERROR: Failed to build installable wheels for some pyproject.toml based projects (torch-scatter)
Traceback (most recent call last):
  File "/nas/longleaf/home/cyixiao/Project/Cheshire/main.py", line 1, in <module>
    from predict import *
  File "/nas/longleaf/home/cyixiao/Project/Cheshire/predict.py", line 3, in <module>
    from CHESHIRE import CHESHIRE
  File "/nas/longleaf/home/cyixiao/Project/Cheshire/CHESHIRE.py", line 4, in <module>
    from torch_scatter import scatter
ModuleNotFoundError: No module named 'torch_scatter'
